<?xml version="1.0" encoding="UTF-8"?>
<testng-results skipped="0" failed="0" ignored="0" total="0" passed="0">
  <reporter-output>
  </reporter-output>
  <suite name="com.test.appium.test.AppTest" duration-ms="26" started-at="2020-09-28T15:47:39 ICT" finished-at="2020-09-28T15:47:39 ICT">
    <groups>
    </groups>
    <test name="Command line test" duration-ms="26" started-at="2020-09-28T15:47:39 ICT" finished-at="2020-09-28T15:47:39 ICT">
    </test> <!-- Command line test -->
  </suite> <!-- com.test.appium.test.AppTest -->
</testng-results>
